[0m11:08:51.599560 [debug] [MainThread]: Sending event: {'category': 'dbt', 'action': 'invocation', 'label': 'start', 'context': [<snowplow_tracker.self_describing_json.SelfDescribingJson object at 0x7fd84d878e10>, <snowplow_tracker.self_describing_json.SelfDescribingJson object at 0x7fd84d879190>, <snowplow_tracker.self_describing_json.SelfDescribingJson object at 0x7fd84d879550>]}


============================== 11:08:51.606905 | fccea73f-e38b-4add-a146-fcbfaa997ed7 ==============================
[0m11:08:51.606905 [info ] [MainThread]: Running with dbt=1.7.4
[0m11:08:51.608294 [debug] [MainThread]: running dbt with arguments {'printer_width': '80', 'indirect_selection': 'eager', 'log_cache_events': 'False', 'write_json': 'True', 'partial_parse': 'True', 'cache_selected_only': 'False', 'profiles_dir': '/home/vscode/.dbt', 'fail_fast': 'False', 'debug': 'False', 'log_path': 'logs', 'warn_error': 'None', 'version_check': 'True', 'use_colors': 'True', 'use_experimental_parser': 'False', 'no_print': 'None', 'quiet': 'False', 'log_format': 'default', 'static_parser': 'True', 'introspect': 'True', 'invocation_command': 'dbt init dbt_vr', 'target_path': 'None', 'warn_error_options': 'WarnErrorOptions(include=[], exclude=[])', 'send_anonymous_usage_stats': 'True'}
[0m11:08:51.609722 [warn ] [MainThread]: [ConfigFolderDirectory]: Unable to parse dict {'dir': PosixPath('/home/vscode/.dbt')}
[0m11:08:51.610712 [info ] [MainThread]: Creating dbt configuration folder at 
[0m11:08:51.612748 [debug] [MainThread]: Starter project path: /home/vscode/.local/lib/python3.11/site-packages/dbt/include/starter_project
[0m11:08:51.751127 [info ] [MainThread]: 
Your new dbt project "dbt_vr" was created!

For more information on how to configure the profiles.yml file,
please consult the dbt documentation here:

  https://docs.getdbt.com/docs/configure-your-profile

One more thing:

Need help? Don't hesitate to reach out to us via GitHub issues or on Slack:

  https://community.getdbt.com/

Happy modeling!

[0m11:08:51.752181 [info ] [MainThread]: Setting up your profile.
[0m11:08:54.091930 [info ] [MainThread]: Profile dbt_vr written to /home/vscode/.dbt/profiles.yml using target's sample configuration. Once updated, you'll be able to start developing with dbt.
[0m11:08:54.130670 [debug] [MainThread]: Resource report: {"command_name": "init", "command_success": true, "command_wall_clock_time": 2.5359113, "process_user_time": 2.385667, "process_kernel_time": 0.18025, "process_mem_max_rss": "129760", "process_out_blocks": "8", "process_in_blocks": "0"}
[0m11:08:54.132262 [debug] [MainThread]: Command `dbt init` succeeded at 11:08:54.132065 after 2.54 seconds
[0m11:08:54.133340 [debug] [MainThread]: Sending event: {'category': 'dbt', 'action': 'invocation', 'label': 'end', 'context': [<snowplow_tracker.self_describing_json.SelfDescribingJson object at 0x7fd84d87e850>, <snowplow_tracker.self_describing_json.SelfDescribingJson object at 0x7fd84efb24d0>, <snowplow_tracker.self_describing_json.SelfDescribingJson object at 0x7fd851eb38d0>]}
[0m11:08:54.134665 [debug] [MainThread]: Flushing usage events
